<?xml version="1.0" encoding="UTF-8"?>
<testsuite xmlns:xsi="http://www.w3.org/2001/XMLSchema-instance" xsi:noNamespaceSchemaLocation="https://maven.apache.org/surefire/maven-surefire-plugin/xsd/surefire-test-report.xsd" name="test.JwtTest" time="0.06" tests="1" errors="0" skipped="0" failures="0">
  <properties>
    <property name="sun.desktop" value="windows"/>
    <property name="awt.toolkit" value="sun.awt.windows.WToolkit"/>
    <property name="file.encoding.pkg" value="sun.io"/>
    <property name="java.specification.version" value="1.8"/>
    <property name="sun.cpu.isalist" value="amd64"/>
    <property name="sun.jnu.encoding" value="GBK"/>
    <property name="java.class.path" value="C:\hegh\hgh-leyou\leyou-auth\leyou-auth-common\target\test-classes;C:\hegh\hgh-leyou\leyou-auth\leyou-auth-common\target\classes;C:\Android\Maven\localMaven\org\apache\commons\commons-lang3\3.8.1\commons-lang3-3.8.1.jar;C:\Android\Maven\localMaven\com\leyou\common\leyou-common\1.0.0-SNAPSHOT\leyou-common-1.0.0-SNAPSHOT.jar;C:\Android\Maven\localMaven\org\slf4j\slf4j-api\1.7.26\slf4j-api-1.7.26.jar;C:\Android\Maven\localMaven\com\fasterxml\jackson\core\jackson-core\2.9.8\jackson-core-2.9.8.jar;C:\Android\Maven\localMaven\com\fasterxml\jackson\core\jackson-databind\2.9.8\jackson-databind-2.9.8.jar;C:\Android\Maven\localMaven\com\fasterxml\jackson\core\jackson-annotations\2.9.0\jackson-annotations-2.9.0.jar;C:\Android\Maven\localMaven\commons-codec\commons-codec\1.11\commons-codec-1.11.jar;C:\Android\Maven\localMaven\org\springframework\boot\spring-boot-starter-data-redis\2.1.5.RELEASE\spring-boot-starter-data-redis-2.1.5.RELEASE.jar;C:\Android\Maven\localMaven\org\springframework\data\spring-data-redis\2.1.8.RELEASE\spring-data-redis-2.1.8.RELEASE.jar;C:\Android\Maven\localMaven\org\springframework\data\spring-data-keyvalue\2.1.8.RELEASE\spring-data-keyvalue-2.1.8.RELEASE.jar;C:\Android\Maven\localMaven\org\springframework\data\spring-data-commons\2.1.8.RELEASE\spring-data-commons-2.1.8.RELEASE.jar;C:\Android\Maven\localMaven\org\springframework\spring-tx\5.1.7.RELEASE\spring-tx-5.1.7.RELEASE.jar;C:\Android\Maven\localMaven\org\springframework\spring-oxm\5.1.7.RELEASE\spring-oxm-5.1.7.RELEASE.jar;C:\Android\Maven\localMaven\org\springframework\spring-context-support\5.1.7.RELEASE\spring-context-support-5.1.7.RELEASE.jar;C:\Android\Maven\localMaven\io\lettuce\lettuce-core\5.1.6.RELEASE\lettuce-core-5.1.6.RELEASE.jar;C:\Android\Maven\localMaven\io\netty\netty-common\4.1.36.Final\netty-common-4.1.36.Final.jar;C:\Android\Maven\localMaven\io\netty\netty-handler\4.1.36.Final\netty-handler-4.1.36.Final.jar;C:\Android\Maven\localMaven\io\netty\netty-buffer\4.1.36.Final\netty-buffer-4.1.36.Final.jar;C:\Android\Maven\localMaven\io\netty\netty-codec\4.1.36.Final\netty-codec-4.1.36.Final.jar;C:\Android\Maven\localMaven\io\netty\netty-transport\4.1.36.Final\netty-transport-4.1.36.Final.jar;C:\Android\Maven\localMaven\io\netty\netty-resolver\4.1.36.Final\netty-resolver-4.1.36.Final.jar;C:\Android\Maven\localMaven\io\projectreactor\reactor-core\3.2.9.RELEASE\reactor-core-3.2.9.RELEASE.jar;C:\Android\Maven\localMaven\org\reactivestreams\reactive-streams\1.0.2\reactive-streams-1.0.2.jar;C:\Android\Maven\localMaven\io\jsonwebtoken\jjwt\0.9.0\jjwt-0.9.0.jar;C:\Android\Maven\localMaven\joda-time\joda-time\2.10.2\joda-time-2.10.2.jar;C:\Android\Maven\localMaven\org\springframework\boot\spring-boot-starter-test\2.1.5.RELEASE\spring-boot-starter-test-2.1.5.RELEASE.jar;C:\Android\Maven\localMaven\org\springframework\boot\spring-boot-starter\2.1.5.RELEASE\spring-boot-starter-2.1.5.RELEASE.jar;C:\Android\Maven\localMaven\org\springframework\boot\spring-boot\2.1.5.RELEASE\spring-boot-2.1.5.RELEASE.jar;C:\Android\Maven\localMaven\org\springframework\boot\spring-boot-autoconfigure\2.1.5.RELEASE\spring-boot-autoconfigure-2.1.5.RELEASE.jar;C:\Android\Maven\localMaven\org\springframework\boot\spring-boot-starter-logging\2.1.5.RELEASE\spring-boot-starter-logging-2.1.5.RELEASE.jar;C:\Android\Maven\localMaven\ch\qos\logback\logback-classic\1.2.3\logback-classic-1.2.3.jar;C:\Android\Maven\localMaven\ch\qos\logback\logback-core\1.2.3\logback-core-1.2.3.jar;C:\Android\Maven\localMaven\org\apache\logging\log4j\log4j-to-slf4j\2.11.2\log4j-to-slf4j-2.11.2.jar;C:\Android\Maven\localMaven\org\apache\logging\log4j\log4j-api\2.11.2\log4j-api-2.11.2.jar;C:\Android\Maven\localMaven\org\slf4j\jul-to-slf4j\1.7.26\jul-to-slf4j-1.7.26.jar;C:\Android\Maven\localMaven\javax\annotation\javax.annotation-api\1.3.2\javax.annotation-api-1.3.2.jar;C:\Android\Maven\localMaven\org\yaml\snakeyaml\1.23\snakeyaml-1.23.jar;C:\Android\Maven\localMaven\org\springframework\boot\spring-boot-test\2.1.5.RELEASE\spring-boot-test-2.1.5.RELEASE.jar;C:\Android\Maven\localMaven\org\springframework\boot\spring-boot-test-autoconfigure\2.1.5.RELEASE\spring-boot-test-autoconfigure-2.1.5.RELEASE.jar;C:\Android\Maven\localMaven\com\jayway\jsonpath\json-path\2.4.0\json-path-2.4.0.jar;C:\Android\Maven\localMaven\net\minidev\json-smart\2.3\json-smart-2.3.jar;C:\Android\Maven\localMaven\net\minidev\accessors-smart\1.2\accessors-smart-1.2.jar;C:\Android\Maven\localMaven\org\ow2\asm\asm\5.0.4\asm-5.0.4.jar;C:\Android\Maven\localMaven\junit\junit\4.12\junit-4.12.jar;C:\Android\Maven\localMaven\org\assertj\assertj-core\3.11.1\assertj-core-3.11.1.jar;C:\Android\Maven\localMaven\org\mockito\mockito-core\2.23.4\mockito-core-2.23.4.jar;C:\Android\Maven\localMaven\net\bytebuddy\byte-buddy\1.9.12\byte-buddy-1.9.12.jar;C:\Android\Maven\localMaven\net\bytebuddy\byte-buddy-agent\1.9.12\byte-buddy-agent-1.9.12.jar;C:\Android\Maven\localMaven\org\objenesis\objenesis\2.6\objenesis-2.6.jar;C:\Android\Maven\localMaven\org\hamcrest\hamcrest-core\1.3\hamcrest-core-1.3.jar;C:\Android\Maven\localMaven\org\hamcrest\hamcrest-library\1.3\hamcrest-library-1.3.jar;C:\Android\Maven\localMaven\org\skyscreamer\jsonassert\1.5.0\jsonassert-1.5.0.jar;C:\Android\Maven\localMaven\com\vaadin\external\google\android-json\0.0.20131108.vaadin1\android-json-0.0.20131108.vaadin1.jar;C:\Android\Maven\localMaven\org\springframework\spring-core\5.1.7.RELEASE\spring-core-5.1.7.RELEASE.jar;C:\Android\Maven\localMaven\org\springframework\spring-jcl\5.1.7.RELEASE\spring-jcl-5.1.7.RELEASE.jar;C:\Android\Maven\localMaven\org\springframework\spring-test\5.1.7.RELEASE\spring-test-5.1.7.RELEASE.jar;C:\Android\Maven\localMaven\org\xmlunit\xmlunit-core\2.6.2\xmlunit-core-2.6.2.jar;C:\Android\Maven\localMaven\org\projectlombok\lombok\1.18.8\lombok-1.18.8.jar;C:\Android\Maven\localMaven\org\springframework\boot\spring-boot-starter-web\2.1.5.RELEASE\spring-boot-starter-web-2.1.5.RELEASE.jar;C:\Android\Maven\localMaven\org\springframework\boot\spring-boot-starter-json\2.1.5.RELEASE\spring-boot-starter-json-2.1.5.RELEASE.jar;C:\Android\Maven\localMaven\com\fasterxml\jackson\datatype\jackson-datatype-jdk8\2.9.8\jackson-datatype-jdk8-2.9.8.jar;C:\Android\Maven\localMaven\com\fasterxml\jackson\datatype\jackson-datatype-jsr310\2.9.8\jackson-datatype-jsr310-2.9.8.jar;C:\Android\Maven\localMaven\com\fasterxml\jackson\module\jackson-module-parameter-names\2.9.8\jackson-module-parameter-names-2.9.8.jar;C:\Android\Maven\localMaven\org\springframework\boot\spring-boot-starter-tomcat\2.1.5.RELEASE\spring-boot-starter-tomcat-2.1.5.RELEASE.jar;C:\Android\Maven\localMaven\org\apache\tomcat\embed\tomcat-embed-core\9.0.19\tomcat-embed-core-9.0.19.jar;C:\Android\Maven\localMaven\org\apache\tomcat\embed\tomcat-embed-el\9.0.19\tomcat-embed-el-9.0.19.jar;C:\Android\Maven\localMaven\org\apache\tomcat\embed\tomcat-embed-websocket\9.0.19\tomcat-embed-websocket-9.0.19.jar;C:\Android\Maven\localMaven\org\hibernate\validator\hibernate-validator\6.0.16.Final\hibernate-validator-6.0.16.Final.jar;C:\Android\Maven\localMaven\javax\validation\validation-api\2.0.1.Final\validation-api-2.0.1.Final.jar;C:\Android\Maven\localMaven\org\jboss\logging\jboss-logging\3.3.2.Final\jboss-logging-3.3.2.Final.jar;C:\Android\Maven\localMaven\com\fasterxml\classmate\1.4.0\classmate-1.4.0.jar;C:\Android\Maven\localMaven\org\springframework\spring-web\5.1.7.RELEASE\spring-web-5.1.7.RELEASE.jar;C:\Android\Maven\localMaven\org\springframework\spring-beans\5.1.7.RELEASE\spring-beans-5.1.7.RELEASE.jar;C:\Android\Maven\localMaven\org\springframework\spring-webmvc\5.1.7.RELEASE\spring-webmvc-5.1.7.RELEASE.jar;C:\Android\Maven\localMaven\org\springframework\spring-aop\5.1.7.RELEASE\spring-aop-5.1.7.RELEASE.jar;C:\Android\Maven\localMaven\org\springframework\spring-context\5.1.7.RELEASE\spring-context-5.1.7.RELEASE.jar;C:\Android\Maven\localMaven\org\springframework\spring-expression\5.1.7.RELEASE\spring-expression-5.1.7.RELEASE.jar;"/>
    <property name="java.vm.vendor" value="Oracle Corporation"/>
    <property name="sun.arch.data.model" value="64"/>
    <property name="user.variant" value=""/>
    <property name="java.vendor.url" value="http://java.oracle.com/"/>
    <property name="user.timezone" value="GMT+08:00"/>
    <property name="java.vm.specification.version" value="1.8"/>
    <property name="os.name" value="Windows 10"/>
    <property name="user.country" value="CN"/>
    <property name="sun.java.launcher" value="SUN_STANDARD"/>
    <property name="sun.boot.library.path" value="C:\Java\JDK\jdk1.8.0_221\jre\bin"/>
    <property name="sun.java.command" value="C:\Users\HGH\AppData\Local\Temp\surefire8182056696256501310\surefirebooter782305974318966270.jar C:\Users\HGH\AppData\Local\Temp\surefire8182056696256501310 2020-01-03T18-04-43_946-jvmRun1 surefire2996039734549356370tmp surefire_07668139240933903884tmp"/>
    <property name="surefire.test.class.path" value="C:\hegh\hgh-leyou\leyou-auth\leyou-auth-common\target\test-classes;C:\hegh\hgh-leyou\leyou-auth\leyou-auth-common\target\classes;C:\Android\Maven\localMaven\org\apache\commons\commons-lang3\3.8.1\commons-lang3-3.8.1.jar;C:\Android\Maven\localMaven\com\leyou\common\leyou-common\1.0.0-SNAPSHOT\leyou-common-1.0.0-SNAPSHOT.jar;C:\Android\Maven\localMaven\org\slf4j\slf4j-api\1.7.26\slf4j-api-1.7.26.jar;C:\Android\Maven\localMaven\com\fasterxml\jackson\core\jackson-core\2.9.8\jackson-core-2.9.8.jar;C:\Android\Maven\localMaven\com\fasterxml\jackson\core\jackson-databind\2.9.8\jackson-databind-2.9.8.jar;C:\Android\Maven\localMaven\com\fasterxml\jackson\core\jackson-annotations\2.9.0\jackson-annotations-2.9.0.jar;C:\Android\Maven\localMaven\commons-codec\commons-codec\1.11\commons-codec-1.11.jar;C:\Android\Maven\localMaven\org\springframework\boot\spring-boot-starter-data-redis\2.1.5.RELEASE\spring-boot-starter-data-redis-2.1.5.RELEASE.jar;C:\Android\Maven\localMaven\org\springframework\data\spring-data-redis\2.1.8.RELEASE\spring-data-redis-2.1.8.RELEASE.jar;C:\Android\Maven\localMaven\org\springframework\data\spring-data-keyvalue\2.1.8.RELEASE\spring-data-keyvalue-2.1.8.RELEASE.jar;C:\Android\Maven\localMaven\org\springframework\data\spring-data-commons\2.1.8.RELEASE\spring-data-commons-2.1.8.RELEASE.jar;C:\Android\Maven\localMaven\org\springframework\spring-tx\5.1.7.RELEASE\spring-tx-5.1.7.RELEASE.jar;C:\Android\Maven\localMaven\org\springframework\spring-oxm\5.1.7.RELEASE\spring-oxm-5.1.7.RELEASE.jar;C:\Android\Maven\localMaven\org\springframework\spring-context-support\5.1.7.RELEASE\spring-context-support-5.1.7.RELEASE.jar;C:\Android\Maven\localMaven\io\lettuce\lettuce-core\5.1.6.RELEASE\lettuce-core-5.1.6.RELEASE.jar;C:\Android\Maven\localMaven\io\netty\netty-common\4.1.36.Final\netty-common-4.1.36.Final.jar;C:\Android\Maven\localMaven\io\netty\netty-handler\4.1.36.Final\netty-handler-4.1.36.Final.jar;C:\Android\Maven\localMaven\io\netty\netty-buffer\4.1.36.Final\netty-buffer-4.1.36.Final.jar;C:\Android\Maven\localMaven\io\netty\netty-codec\4.1.36.Final\netty-codec-4.1.36.Final.jar;C:\Android\Maven\localMaven\io\netty\netty-transport\4.1.36.Final\netty-transport-4.1.36.Final.jar;C:\Android\Maven\localMaven\io\netty\netty-resolver\4.1.36.Final\netty-resolver-4.1.36.Final.jar;C:\Android\Maven\localMaven\io\projectreactor\reactor-core\3.2.9.RELEASE\reactor-core-3.2.9.RELEASE.jar;C:\Android\Maven\localMaven\org\reactivestreams\reactive-streams\1.0.2\reactive-streams-1.0.2.jar;C:\Android\Maven\localMaven\io\jsonwebtoken\jjwt\0.9.0\jjwt-0.9.0.jar;C:\Android\Maven\localMaven\joda-time\joda-time\2.10.2\joda-time-2.10.2.jar;C:\Android\Maven\localMaven\org\springframework\boot\spring-boot-starter-test\2.1.5.RELEASE\spring-boot-starter-test-2.1.5.RELEASE.jar;C:\Android\Maven\localMaven\org\springframework\boot\spring-boot-starter\2.1.5.RELEASE\spring-boot-starter-2.1.5.RELEASE.jar;C:\Android\Maven\localMaven\org\springframework\boot\spring-boot\2.1.5.RELEASE\spring-boot-2.1.5.RELEASE.jar;C:\Android\Maven\localMaven\org\springframework\boot\spring-boot-autoconfigure\2.1.5.RELEASE\spring-boot-autoconfigure-2.1.5.RELEASE.jar;C:\Android\Maven\localMaven\org\springframework\boot\spring-boot-starter-logging\2.1.5.RELEASE\spring-boot-starter-logging-2.1.5.RELEASE.jar;C:\Android\Maven\localMaven\ch\qos\logback\logback-classic\1.2.3\logback-classic-1.2.3.jar;C:\Android\Maven\localMaven\ch\qos\logback\logback-core\1.2.3\logback-core-1.2.3.jar;C:\Android\Maven\localMaven\org\apache\logging\log4j\log4j-to-slf4j\2.11.2\log4j-to-slf4j-2.11.2.jar;C:\Android\Maven\localMaven\org\apache\logging\log4j\log4j-api\2.11.2\log4j-api-2.11.2.jar;C:\Android\Maven\localMaven\org\slf4j\jul-to-slf4j\1.7.26\jul-to-slf4j-1.7.26.jar;C:\Android\Maven\localMaven\javax\annotation\javax.annotation-api\1.3.2\javax.annotation-api-1.3.2.jar;C:\Android\Maven\localMaven\org\yaml\snakeyaml\1.23\snakeyaml-1.23.jar;C:\Android\Maven\localMaven\org\springframework\boot\spring-boot-test\2.1.5.RELEASE\spring-boot-test-2.1.5.RELEASE.jar;C:\Android\Maven\localMaven\org\springframework\boot\spring-boot-test-autoconfigure\2.1.5.RELEASE\spring-boot-test-autoconfigure-2.1.5.RELEASE.jar;C:\Android\Maven\localMaven\com\jayway\jsonpath\json-path\2.4.0\json-path-2.4.0.jar;C:\Android\Maven\localMaven\net\minidev\json-smart\2.3\json-smart-2.3.jar;C:\Android\Maven\localMaven\net\minidev\accessors-smart\1.2\accessors-smart-1.2.jar;C:\Android\Maven\localMaven\org\ow2\asm\asm\5.0.4\asm-5.0.4.jar;C:\Android\Maven\localMaven\junit\junit\4.12\junit-4.12.jar;C:\Android\Maven\localMaven\org\assertj\assertj-core\3.11.1\assertj-core-3.11.1.jar;C:\Android\Maven\localMaven\org\mockito\mockito-core\2.23.4\mockito-core-2.23.4.jar;C:\Android\Maven\localMaven\net\bytebuddy\byte-buddy\1.9.12\byte-buddy-1.9.12.jar;C:\Android\Maven\localMaven\net\bytebuddy\byte-buddy-agent\1.9.12\byte-buddy-agent-1.9.12.jar;C:\Android\Maven\localMaven\org\objenesis\objenesis\2.6\objenesis-2.6.jar;C:\Android\Maven\localMaven\org\hamcrest\hamcrest-core\1.3\hamcrest-core-1.3.jar;C:\Android\Maven\localMaven\org\hamcrest\hamcrest-library\1.3\hamcrest-library-1.3.jar;C:\Android\Maven\localMaven\org\skyscreamer\jsonassert\1.5.0\jsonassert-1.5.0.jar;C:\Android\Maven\localMaven\com\vaadin\external\google\android-json\0.0.20131108.vaadin1\android-json-0.0.20131108.vaadin1.jar;C:\Android\Maven\localMaven\org\springframework\spring-core\5.1.7.RELEASE\spring-core-5.1.7.RELEASE.jar;C:\Android\Maven\localMaven\org\springframework\spring-jcl\5.1.7.RELEASE\spring-jcl-5.1.7.RELEASE.jar;C:\Android\Maven\localMaven\org\springframework\spring-test\5.1.7.RELEASE\spring-test-5.1.7.RELEASE.jar;C:\Android\Maven\localMaven\org\xmlunit\xmlunit-core\2.6.2\xmlunit-core-2.6.2.jar;C:\Android\Maven\localMaven\org\projectlombok\lombok\1.18.8\lombok-1.18.8.jar;C:\Android\Maven\localMaven\org\springframework\boot\spring-boot-starter-web\2.1.5.RELEASE\spring-boot-starter-web-2.1.5.RELEASE.jar;C:\Android\Maven\localMaven\org\springframework\boot\spring-boot-starter-json\2.1.5.RELEASE\spring-boot-starter-json-2.1.5.RELEASE.jar;C:\Android\Maven\localMaven\com\fasterxml\jackson\datatype\jackson-datatype-jdk8\2.9.8\jackson-datatype-jdk8-2.9.8.jar;C:\Android\Maven\localMaven\com\fasterxml\jackson\datatype\jackson-datatype-jsr310\2.9.8\jackson-datatype-jsr310-2.9.8.jar;C:\Android\Maven\localMaven\com\fasterxml\jackson\module\jackson-module-parameter-names\2.9.8\jackson-module-parameter-names-2.9.8.jar;C:\Android\Maven\localMaven\org\springframework\boot\spring-boot-starter-tomcat\2.1.5.RELEASE\spring-boot-starter-tomcat-2.1.5.RELEASE.jar;C:\Android\Maven\localMaven\org\apache\tomcat\embed\tomcat-embed-core\9.0.19\tomcat-embed-core-9.0.19.jar;C:\Android\Maven\localMaven\org\apache\tomcat\embed\tomcat-embed-el\9.0.19\tomcat-embed-el-9.0.19.jar;C:\Android\Maven\localMaven\org\apache\tomcat\embed\tomcat-embed-websocket\9.0.19\tomcat-embed-websocket-9.0.19.jar;C:\Android\Maven\localMaven\org\hibernate\validator\hibernate-validator\6.0.16.Final\hibernate-validator-6.0.16.Final.jar;C:\Android\Maven\localMaven\javax\validation\validation-api\2.0.1.Final\validation-api-2.0.1.Final.jar;C:\Android\Maven\localMaven\org\jboss\logging\jboss-logging\3.3.2.Final\jboss-logging-3.3.2.Final.jar;C:\Android\Maven\localMaven\com\fasterxml\classmate\1.4.0\classmate-1.4.0.jar;C:\Android\Maven\localMaven\org\springframework\spring-web\5.1.7.RELEASE\spring-web-5.1.7.RELEASE.jar;C:\Android\Maven\localMaven\org\springframework\spring-beans\5.1.7.RELEASE\spring-beans-5.1.7.RELEASE.jar;C:\Android\Maven\localMaven\org\springframework\spring-webmvc\5.1.7.RELEASE\spring-webmvc-5.1.7.RELEASE.jar;C:\Android\Maven\localMaven\org\springframework\spring-aop\5.1.7.RELEASE\spring-aop-5.1.7.RELEASE.jar;C:\Android\Maven\localMaven\org\springframework\spring-context\5.1.7.RELEASE\spring-context-5.1.7.RELEASE.jar;C:\Android\Maven\localMaven\org\springframework\spring-expression\5.1.7.RELEASE\spring-expression-5.1.7.RELEASE.jar;"/>
    <property name="sun.cpu.endian" value="little"/>
    <property name="user.home" value="C:\Users\HGH"/>
    <property name="user.language" value="zh"/>
    <property name="java.specification.vendor" value="Oracle Corporation"/>
    <property name="java.home" value="C:\Java\JDK\jdk1.8.0_221\jre"/>
    <property name="basedir" value="C:\hegh\hgh-leyou\leyou-auth\leyou-auth-common"/>
    <property name="file.separator" value="\"/>
    <property name="line.separator" value="&#10;"/>
    <property name="java.vm.specification.vendor" value="Oracle Corporation"/>
    <property name="java.specification.name" value="Java Platform API Specification"/>
    <property name="java.awt.graphicsenv" value="sun.awt.Win32GraphicsEnvironment"/>
    <property name="surefire.real.class.path" value="C:\Users\HGH\AppData\Local\Temp\surefire8182056696256501310\surefirebooter782305974318966270.jar"/>
    <property name="sun.boot.class.path" value="C:\Java\JDK\jdk1.8.0_221\jre\lib\resources.jar;C:\Java\JDK\jdk1.8.0_221\jre\lib\rt.jar;C:\Java\JDK\jdk1.8.0_221\jre\lib\sunrsasign.jar;C:\Java\JDK\jdk1.8.0_221\jre\lib\jsse.jar;C:\Java\JDK\jdk1.8.0_221\jre\lib\jce.jar;C:\Java\JDK\jdk1.8.0_221\jre\lib\charsets.jar;C:\Java\JDK\jdk1.8.0_221\jre\lib\jfr.jar;C:\Java\JDK\jdk1.8.0_221\jre\classes"/>
    <property name="user.script" value=""/>
    <property name="sun.management.compiler" value="HotSpot 64-Bit Tiered Compilers"/>
    <property name="java.runtime.version" value="1.8.0_221-b11"/>
    <property name="user.name" value="HGH"/>
    <property name="path.separator" value=";"/>
    <property name="os.version" value="10.0"/>
    <property name="java.endorsed.dirs" value="C:\Java\JDK\jdk1.8.0_221\jre\lib\endorsed"/>
    <property name="java.runtime.name" value="Java(TM) SE Runtime Environment"/>
    <property name="file.encoding" value="GBK"/>
    <property name="java.vm.name" value="Java HotSpot(TM) 64-Bit Server VM"/>
    <property name="localRepository" value="C:\Android\Maven\localMaven"/>
    <property name="java.vendor.url.bug" value="http://bugreport.sun.com/bugreport/"/>
    <property name="java.io.tmpdir" value="C:\Users\HGH\AppData\Local\Temp\"/>
    <property name="java.version" value="1.8.0_221"/>
    <property name="user.dir" value="C:\hegh\hgh-leyou\leyou-auth\leyou-auth-common"/>
    <property name="os.arch" value="amd64"/>
    <property name="java.vm.specification.name" value="Java Virtual Machine Specification"/>
    <property name="java.awt.printerjob" value="sun.awt.windows.WPrinterJob"/>
    <property name="idea.version2019.1.3" value="true"/>
    <property name="sun.os.patch.level" value=""/>
    <property name="java.library.path" value="C:\Java\JDK\jdk1.8.0_221\jre\bin;C:\windows\Sun\Java\bin;C:\windows\system32;C:\windows;C:\windows\system32;C:\windows;C:\windows\System32\Wbem;C:\windows\System32\WindowsPowerShell\v1.0\;C:\windows\System32\OpenSSH\;C:\Java\JDK\jdk1.8.0_221\bin;C:\Java\JDK\jdk1.8.0_221\jre\bin;C:\SVN\TortoiseSVN\bin;C:\Appium\Appium\node_modules\.bin;C:\Appium\Appium;C:\Android\Maven\apache-maven-3.6.1\bin;C:\Android\SDK\android-sdk-windows\platform-tools;C:\Android\SDK\android-sdk-windows\tools;C:\Git\Git\cmd;C:\Program Files\nodejs\;C:\IDEA\zhujian\erlang\erl10.0.1\bin;C:\Users\HGH\AppData\Roaming\npm;."/>
    <property name="java.vm.info" value="mixed mode"/>
    <property name="java.vendor" value="Oracle Corporation"/>
    <property name="java.vm.version" value="25.221-b11"/>
    <property name="java.ext.dirs" value="C:\Java\JDK\jdk1.8.0_221\jre\lib\ext;C:\windows\Sun\Java\lib\ext"/>
    <property name="sun.io.unicode.encoding" value="UnicodeLittle"/>
    <property name="java.class.version" value="52.0"/>
  </properties>
  <testcase name="testParseToken" classname="test.JwtTest" time="0"/>
</testsuite>